<?xml version="1.0" encoding="UTF-8"?>
<testsuite xmlns:xsi="http://www.w3.org/2001/XMLSchema-instance" xsi:noNamespaceSchemaLocation="https://maven.apache.org/surefire/maven-surefire-plugin/xsd/surefire-test-report.xsd" name="org.springframework.samples.petclinic.system.CrashControllerTests" time="0.001" tests="1" errors="0" skipped="1" failures="0">
  <properties>
    <property name="sun.desktop" value="windows"/>
    <property name="awt.toolkit" value="sun.awt.windows.WToolkit"/>
    <property name="git.tags" value=""/>
    <property name="java.specification.version" value="11"/>
    <property name="sun.cpu.isalist" value="amd64"/>
    <property name="sun.jnu.encoding" value="Cp1252"/>
    <property name="git.build.version" value="2.3.0.BUILD-SNAPSHOT"/>
    <property name="java.class.path" value="C:\R4j\POC\spring-petclinic\target\test-classes;C:\R4j\POC\spring-petclinic\target\classes;C:\Users\r2\.m2\repository\org\springframework\boot\spring-boot-starter-actuator\2.3.0.RC1\spring-boot-starter-actuator-2.3.0.RC1.jar;C:\Users\r2\.m2\repository\org\springframework\boot\spring-boot-starter\2.3.0.RC1\spring-boot-starter-2.3.0.RC1.jar;C:\Users\r2\.m2\repository\org\springframework\boot\spring-boot-starter-logging\2.3.0.RC1\spring-boot-starter-logging-2.3.0.RC1.jar;C:\Users\r2\.m2\repository\ch\qos\logback\logback-classic\1.2.3\logback-classic-1.2.3.jar;C:\Users\r2\.m2\repository\ch\qos\logback\logback-core\1.2.3\logback-core-1.2.3.jar;C:\Users\r2\.m2\repository\org\apache\logging\log4j\log4j-to-slf4j\2.13.2\log4j-to-slf4j-2.13.2.jar;C:\Users\r2\.m2\repository\org\apache\logging\log4j\log4j-api\2.13.2\log4j-api-2.13.2.jar;C:\Users\r2\.m2\repository\org\slf4j\jul-to-slf4j\1.7.30\jul-to-slf4j-1.7.30.jar;C:\Users\r2\.m2\repository\jakarta\annotation\jakarta.annotation-api\1.3.5\jakarta.annotation-api-1.3.5.jar;C:\Users\r2\.m2\repository\org\yaml\snakeyaml\1.26\snakeyaml-1.26.jar;C:\Users\r2\.m2\repository\org\springframework\boot\spring-boot-actuator-autoconfigure\2.3.0.RC1\spring-boot-actuator-autoconfigure-2.3.0.RC1.jar;C:\Users\r2\.m2\repository\org\springframework\boot\spring-boot-actuator\2.3.0.RC1\spring-boot-actuator-2.3.0.RC1.jar;C:\Users\r2\.m2\repository\com\fasterxml\jackson\core\jackson-databind\2.11.0\jackson-databind-2.11.0.jar;C:\Users\r2\.m2\repository\com\fasterxml\jackson\core\jackson-annotations\2.11.0\jackson-annotations-2.11.0.jar;C:\Users\r2\.m2\repository\com\fasterxml\jackson\datatype\jackson-datatype-jsr310\2.11.0\jackson-datatype-jsr310-2.11.0.jar;C:\Users\r2\.m2\repository\org\springframework\spring-context\5.2.6.RELEASE\spring-context-5.2.6.RELEASE.jar;C:\Users\r2\.m2\repository\io\micrometer\micrometer-core\1.5.0\micrometer-core-1.5.0.jar;C:\Users\r2\.m2\repository\org\hdrhistogram\HdrHistogram\2.1.12\HdrHistogram-2.1.12.jar;C:\Users\r2\.m2\repository\org\latencyutils\LatencyUtils\2.0.3\LatencyUtils-2.0.3.jar;C:\Users\r2\.m2\repository\org\springframework\boot\spring-boot-starter-cache\2.3.0.RC1\spring-boot-starter-cache-2.3.0.RC1.jar;C:\Users\r2\.m2\repository\org\springframework\spring-context-support\5.2.6.RELEASE\spring-context-support-5.2.6.RELEASE.jar;C:\Users\r2\.m2\repository\org\springframework\spring-beans\5.2.6.RELEASE\spring-beans-5.2.6.RELEASE.jar;C:\Users\r2\.m2\repository\org\springframework\boot\spring-boot-starter-data-jpa\2.3.0.RC1\spring-boot-starter-data-jpa-2.3.0.RC1.jar;C:\Users\r2\.m2\repository\org\springframework\boot\spring-boot-starter-aop\2.3.0.RC1\spring-boot-starter-aop-2.3.0.RC1.jar;C:\Users\r2\.m2\repository\org\springframework\spring-aop\5.2.6.RELEASE\spring-aop-5.2.6.RELEASE.jar;C:\Users\r2\.m2\repository\org\aspectj\aspectjweaver\1.9.5\aspectjweaver-1.9.5.jar;C:\Users\r2\.m2\repository\org\springframework\boot\spring-boot-starter-jdbc\2.3.0.RC1\spring-boot-starter-jdbc-2.3.0.RC1.jar;C:\Users\r2\.m2\repository\com\zaxxer\HikariCP\3.4.3\HikariCP-3.4.3.jar;C:\Users\r2\.m2\repository\org\springframework\spring-jdbc\5.2.6.RELEASE\spring-jdbc-5.2.6.RELEASE.jar;C:\Users\r2\.m2\repository\jakarta\transaction\jakarta.transaction-api\1.3.3\jakarta.transaction-api-1.3.3.jar;C:\Users\r2\.m2\repository\jakarta\persistence\jakarta.persistence-api\2.2.3\jakarta.persistence-api-2.2.3.jar;C:\Users\r2\.m2\repository\org\hibernate\hibernate-core\5.4.14.Final\hibernate-core-5.4.14.Final.jar;C:\Users\r2\.m2\repository\org\jboss\logging\jboss-logging\3.4.1.Final\jboss-logging-3.4.1.Final.jar;C:\Users\r2\.m2\repository\org\javassist\javassist\3.24.0-GA\javassist-3.24.0-GA.jar;C:\Users\r2\.m2\repository\net\bytebuddy\byte-buddy\1.10.10\byte-buddy-1.10.10.jar;C:\Users\r2\.m2\repository\antlr\antlr\2.7.7\antlr-2.7.7.jar;C:\Users\r2\.m2\repository\org\jboss\jandex\2.1.1.Final\jandex-2.1.1.Final.jar;C:\Users\r2\.m2\repository\com\fasterxml\classmate\1.5.1\classmate-1.5.1.jar;C:\Users\r2\.m2\repository\org\dom4j\dom4j\2.1.1\dom4j-2.1.1.jar;C:\Users\r2\.m2\repository\org\hibernate\common\hibernate-commons-annotations\5.1.0.Final\hibernate-commons-annotations-5.1.0.Final.jar;C:\Users\r2\.m2\repository\org\springframework\data\spring-data-jpa\2.3.0.RC2\spring-data-jpa-2.3.0.RC2.jar;C:\Users\r2\.m2\repository\org\springframework\data\spring-data-commons\2.3.0.RC2\spring-data-commons-2.3.0.RC2.jar;C:\Users\r2\.m2\repository\org\springframework\spring-orm\5.2.6.RELEASE\spring-orm-5.2.6.RELEASE.jar;C:\Users\r2\.m2\repository\org\springframework\spring-tx\5.2.6.RELEASE\spring-tx-5.2.6.RELEASE.jar;C:\Users\r2\.m2\repository\org\springframework\spring-aspects\5.2.6.RELEASE\spring-aspects-5.2.6.RELEASE.jar;C:\Users\r2\.m2\repository\org\springframework\boot\spring-boot-starter-web\2.3.0.RC1\spring-boot-starter-web-2.3.0.RC1.jar;C:\Users\r2\.m2\repository\org\springframework\boot\spring-boot-starter-json\2.3.0.RC1\spring-boot-starter-json-2.3.0.RC1.jar;C:\Users\r2\.m2\repository\com\fasterxml\jackson\datatype\jackson-datatype-jdk8\2.11.0\jackson-datatype-jdk8-2.11.0.jar;C:\Users\r2\.m2\repository\com\fasterxml\jackson\module\jackson-module-parameter-names\2.11.0\jackson-module-parameter-names-2.11.0.jar;C:\Users\r2\.m2\repository\org\springframework\boot\spring-boot-starter-tomcat\2.3.0.RC1\spring-boot-starter-tomcat-2.3.0.RC1.jar;C:\Users\r2\.m2\repository\org\apache\tomcat\embed\tomcat-embed-core\9.0.34\tomcat-embed-core-9.0.34.jar;C:\Users\r2\.m2\repository\org\apache\tomcat\embed\tomcat-embed-websocket\9.0.34\tomcat-embed-websocket-9.0.34.jar;C:\Users\r2\.m2\repository\org\springframework\spring-web\5.2.6.RELEASE\spring-web-5.2.6.RELEASE.jar;C:\Users\r2\.m2\repository\org\springframework\spring-webmvc\5.2.6.RELEASE\spring-webmvc-5.2.6.RELEASE.jar;C:\Users\r2\.m2\repository\org\springframework\spring-expression\5.2.6.RELEASE\spring-expression-5.2.6.RELEASE.jar;C:\Users\r2\.m2\repository\org\springframework\boot\spring-boot-starter-validation\2.3.0.RC1\spring-boot-starter-validation-2.3.0.RC1.jar;C:\Users\r2\.m2\repository\org\glassfish\jakarta.el\3.0.3\jakarta.el-3.0.3.jar;C:\Users\r2\.m2\repository\org\hibernate\validator\hibernate-validator\6.1.4.Final\hibernate-validator-6.1.4.Final.jar;C:\Users\r2\.m2\repository\jakarta\validation\jakarta.validation-api\2.0.2\jakarta.validation-api-2.0.2.jar;C:\Users\r2\.m2\repository\org\springframework\boot\spring-boot-starter-thymeleaf\2.3.0.RC1\spring-boot-starter-thymeleaf-2.3.0.RC1.jar;C:\Users\r2\.m2\repository\org\thymeleaf\thymeleaf-spring5\3.0.11.RELEASE\thymeleaf-spring5-3.0.11.RELEASE.jar;C:\Users\r2\.m2\repository\org\thymeleaf\thymeleaf\3.0.11.RELEASE\thymeleaf-3.0.11.RELEASE.jar;C:\Users\r2\.m2\repository\org\attoparser\attoparser\2.0.5.RELEASE\attoparser-2.0.5.RELEASE.jar;C:\Users\r2\.m2\repository\org\unbescape\unbescape\1.1.6.RELEASE\unbescape-1.1.6.RELEASE.jar;C:\Users\r2\.m2\repository\org\thymeleaf\extras\thymeleaf-extras-java8time\3.0.4.RELEASE\thymeleaf-extras-java8time-3.0.4.RELEASE.jar;C:\Users\r2\.m2\repository\org\springframework\boot\spring-boot-starter-test\2.3.0.RC1\spring-boot-starter-test-2.3.0.RC1.jar;C:\Users\r2\.m2\repository\org\springframework\boot\spring-boot-test\2.3.0.RC1\spring-boot-test-2.3.0.RC1.jar;C:\Users\r2\.m2\repository\org\springframework\boot\spring-boot-test-autoconfigure\2.3.0.RC1\spring-boot-test-autoconfigure-2.3.0.RC1.jar;C:\Users\r2\.m2\repository\com\jayway\jsonpath\json-path\2.4.0\json-path-2.4.0.jar;C:\Users\r2\.m2\repository\net\minidev\json-smart\2.3\json-smart-2.3.jar;C:\Users\r2\.m2\repository\net\minidev\accessors-smart\1.2\accessors-smart-1.2.jar;C:\Users\r2\.m2\repository\org\ow2\asm\asm\5.0.4\asm-5.0.4.jar;C:\Users\r2\.m2\repository\jakarta\xml\bind\jakarta.xml.bind-api\2.3.3\jakarta.xml.bind-api-2.3.3.jar;C:\Users\r2\.m2\repository\jakarta\activation\jakarta.activation-api\1.2.2\jakarta.activation-api-1.2.2.jar;C:\Users\r2\.m2\repository\org\assertj\assertj-core\3.15.0\assertj-core-3.15.0.jar;C:\Users\r2\.m2\repository\org\hamcrest\hamcrest\2.2\hamcrest-2.2.jar;C:\Users\r2\.m2\repository\org\junit\jupiter\junit-jupiter\5.6.2\junit-jupiter-5.6.2.jar;C:\Users\r2\.m2\repository\org\junit\jupiter\junit-jupiter-params\5.6.2\junit-jupiter-params-5.6.2.jar;C:\Users\r2\.m2\repository\org\mockito\mockito-core\3.3.3\mockito-core-3.3.3.jar;C:\Users\r2\.m2\repository\net\bytebuddy\byte-buddy-agent\1.10.10\byte-buddy-agent-1.10.10.jar;C:\Users\r2\.m2\repository\org\objenesis\objenesis\2.6\objenesis-2.6.jar;C:\Users\r2\.m2\repository\org\skyscreamer\jsonassert\1.5.0\jsonassert-1.5.0.jar;C:\Users\r2\.m2\repository\com\vaadin\external\google\android-json\0.0.20131108.vaadin1\android-json-0.0.20131108.vaadin1.jar;C:\Users\r2\.m2\repository\org\springframework\spring-core\5.2.6.RELEASE\spring-core-5.2.6.RELEASE.jar;C:\Users\r2\.m2\repository\org\springframework\spring-jcl\5.2.6.RELEASE\spring-jcl-5.2.6.RELEASE.jar;C:\Users\r2\.m2\repository\org\springframework\spring-test\5.2.6.RELEASE\spring-test-5.2.6.RELEASE.jar;C:\Users\r2\.m2\repository\org\xmlunit\xmlunit-core\2.6.4\xmlunit-core-2.6.4.jar;C:\Users\r2\.m2\repository\com\h2database\h2\1.4.200\h2-1.4.200.jar;C:\Users\r2\.m2\repository\mysql\mysql-connector-java\8.0.20\mysql-connector-java-8.0.20.jar;C:\Users\r2\.m2\repository\javax\cache\cache-api\1.1.1\cache-api-1.1.1.jar;C:\Users\r2\.m2\repository\org\ehcache\ehcache\3.8.1\ehcache-3.8.1.jar;C:\Users\r2\.m2\repository\org\slf4j\slf4j-api\1.7.30\slf4j-api-1.7.30.jar;C:\Users\r2\.m2\repository\org\glassfish\jaxb\jaxb-runtime\2.3.3\jaxb-runtime-2.3.3.jar;C:\Users\r2\.m2\repository\org\glassfish\jaxb\txw2\2.3.3\txw2-2.3.3.jar;C:\Users\r2\.m2\repository\com\sun\istack\istack-commons-runtime\3.0.11\istack-commons-runtime-3.0.11.jar;C:\Users\r2\.m2\repository\com\sun\activation\jakarta.activation\1.2.2\jakarta.activation-1.2.2.jar;C:\Users\r2\.m2\repository\org\webjars\webjars-locator-core\0.45\webjars-locator-core-0.45.jar;C:\Users\r2\.m2\repository\io\github\classgraph\classgraph\4.8.69\classgraph-4.8.69.jar;C:\Users\r2\.m2\repository\com\fasterxml\jackson\core\jackson-core\2.11.0\jackson-core-2.11.0.jar;C:\Users\r2\.m2\repository\org\webjars\jquery\2.2.4\jquery-2.2.4.jar;C:\Users\r2\.m2\repository\org\webjars\jquery-ui\1.11.4\jquery-ui-1.11.4.jar;C:\Users\r2\.m2\repository\org\webjars\bootstrap\3.3.6\bootstrap-3.3.6.jar;C:\Users\r2\.m2\repository\org\junit\jupiter\junit-jupiter-engine\5.6.2\junit-jupiter-engine-5.6.2.jar;C:\Users\r2\.m2\repository\org\apiguardian\apiguardian-api\1.1.0\apiguardian-api-1.1.0.jar;C:\Users\r2\.m2\repository\org\junit\platform\junit-platform-engine\1.6.2\junit-platform-engine-1.6.2.jar;C:\Users\r2\.m2\repository\org\opentest4j\opentest4j\1.2.0\opentest4j-1.2.0.jar;C:\Users\r2\.m2\repository\org\junit\platform\junit-platform-commons\1.6.2\junit-platform-commons-1.6.2.jar;C:\Users\r2\.m2\repository\org\junit\jupiter\junit-jupiter-api\5.6.2\junit-jupiter-api-5.6.2.jar;C:\Users\r2\.m2\repository\org\mockito\mockito-junit-jupiter\3.3.3\mockito-junit-jupiter-3.3.3.jar;C:\Users\r2\.m2\repository\org\springframework\boot\spring-boot-devtools\2.3.0.RC1\spring-boot-devtools-2.3.0.RC1.jar;C:\Users\r2\.m2\repository\org\springframework\boot\spring-boot\2.3.0.RC1\spring-boot-2.3.0.RC1.jar;C:\Users\r2\.m2\repository\org\springframework\boot\spring-boot-autoconfigure\2.3.0.RC1\spring-boot-autoconfigure-2.3.0.RC1.jar;"/>
    <property name="git.branch" value="master"/>
    <property name="git.build.host" value="resilience4j"/>
    <property name="java.vm.vendor" value="Oracle Corporation"/>
    <property name="sun.arch.data.model" value="64"/>
    <property name="user.variant" value=""/>
    <property name="git.commit.id" value="adab01ef624418db4a9677c5c641a039d39b7a18"/>
    <property name="java.vendor.url" value="http://java.oracle.com/"/>
    <property name="user.timezone" value="GMT"/>
    <property name="os.name" value="Windows Server 2016"/>
    <property name="java.vm.specification.version" value="11"/>
    <property name="sun.java.launcher" value="SUN_STANDARD"/>
    <property name="user.country" value="US"/>
    <property name="git.build.user.name" value=""/>
    <property name="sun.boot.library.path" value="C:\tools\jdk-11\bin"/>
    <property name="sun.java.command" value="C:\Users\r2\AppData\Local\Temp\2\surefire2482342944314825763\surefirebooter6399741396060497513.jar C:\Users\r2\AppData\Local\Temp\2\surefire2482342944314825763 2020-05-27T20-23-56_009-jvmRun1 surefire7919342865593738716tmp surefire_08971555887979780485tmp"/>
    <property name="jdk.debug" value="release"/>
    <property name="surefire.test.class.path" value="C:\R4j\POC\spring-petclinic\target\test-classes;C:\R4j\POC\spring-petclinic\target\classes;C:\Users\r2\.m2\repository\org\springframework\boot\spring-boot-starter-actuator\2.3.0.RC1\spring-boot-starter-actuator-2.3.0.RC1.jar;C:\Users\r2\.m2\repository\org\springframework\boot\spring-boot-starter\2.3.0.RC1\spring-boot-starter-2.3.0.RC1.jar;C:\Users\r2\.m2\repository\org\springframework\boot\spring-boot-starter-logging\2.3.0.RC1\spring-boot-starter-logging-2.3.0.RC1.jar;C:\Users\r2\.m2\repository\ch\qos\logback\logback-classic\1.2.3\logback-classic-1.2.3.jar;C:\Users\r2\.m2\repository\ch\qos\logback\logback-core\1.2.3\logback-core-1.2.3.jar;C:\Users\r2\.m2\repository\org\apache\logging\log4j\log4j-to-slf4j\2.13.2\log4j-to-slf4j-2.13.2.jar;C:\Users\r2\.m2\repository\org\apache\logging\log4j\log4j-api\2.13.2\log4j-api-2.13.2.jar;C:\Users\r2\.m2\repository\org\slf4j\jul-to-slf4j\1.7.30\jul-to-slf4j-1.7.30.jar;C:\Users\r2\.m2\repository\jakarta\annotation\jakarta.annotation-api\1.3.5\jakarta.annotation-api-1.3.5.jar;C:\Users\r2\.m2\repository\org\yaml\snakeyaml\1.26\snakeyaml-1.26.jar;C:\Users\r2\.m2\repository\org\springframework\boot\spring-boot-actuator-autoconfigure\2.3.0.RC1\spring-boot-actuator-autoconfigure-2.3.0.RC1.jar;C:\Users\r2\.m2\repository\org\springframework\boot\spring-boot-actuator\2.3.0.RC1\spring-boot-actuator-2.3.0.RC1.jar;C:\Users\r2\.m2\repository\com\fasterxml\jackson\core\jackson-databind\2.11.0\jackson-databind-2.11.0.jar;C:\Users\r2\.m2\repository\com\fasterxml\jackson\core\jackson-annotations\2.11.0\jackson-annotations-2.11.0.jar;C:\Users\r2\.m2\repository\com\fasterxml\jackson\datatype\jackson-datatype-jsr310\2.11.0\jackson-datatype-jsr310-2.11.0.jar;C:\Users\r2\.m2\repository\org\springframework\spring-context\5.2.6.RELEASE\spring-context-5.2.6.RELEASE.jar;C:\Users\r2\.m2\repository\io\micrometer\micrometer-core\1.5.0\micrometer-core-1.5.0.jar;C:\Users\r2\.m2\repository\org\hdrhistogram\HdrHistogram\2.1.12\HdrHistogram-2.1.12.jar;C:\Users\r2\.m2\repository\org\latencyutils\LatencyUtils\2.0.3\LatencyUtils-2.0.3.jar;C:\Users\r2\.m2\repository\org\springframework\boot\spring-boot-starter-cache\2.3.0.RC1\spring-boot-starter-cache-2.3.0.RC1.jar;C:\Users\r2\.m2\repository\org\springframework\spring-context-support\5.2.6.RELEASE\spring-context-support-5.2.6.RELEASE.jar;C:\Users\r2\.m2\repository\org\springframework\spring-beans\5.2.6.RELEASE\spring-beans-5.2.6.RELEASE.jar;C:\Users\r2\.m2\repository\org\springframework\boot\spring-boot-starter-data-jpa\2.3.0.RC1\spring-boot-starter-data-jpa-2.3.0.RC1.jar;C:\Users\r2\.m2\repository\org\springframework\boot\spring-boot-starter-aop\2.3.0.RC1\spring-boot-starter-aop-2.3.0.RC1.jar;C:\Users\r2\.m2\repository\org\springframework\spring-aop\5.2.6.RELEASE\spring-aop-5.2.6.RELEASE.jar;C:\Users\r2\.m2\repository\org\aspectj\aspectjweaver\1.9.5\aspectjweaver-1.9.5.jar;C:\Users\r2\.m2\repository\org\springframework\boot\spring-boot-starter-jdbc\2.3.0.RC1\spring-boot-starter-jdbc-2.3.0.RC1.jar;C:\Users\r2\.m2\repository\com\zaxxer\HikariCP\3.4.3\HikariCP-3.4.3.jar;C:\Users\r2\.m2\repository\org\springframework\spring-jdbc\5.2.6.RELEASE\spring-jdbc-5.2.6.RELEASE.jar;C:\Users\r2\.m2\repository\jakarta\transaction\jakarta.transaction-api\1.3.3\jakarta.transaction-api-1.3.3.jar;C:\Users\r2\.m2\repository\jakarta\persistence\jakarta.persistence-api\2.2.3\jakarta.persistence-api-2.2.3.jar;C:\Users\r2\.m2\repository\org\hibernate\hibernate-core\5.4.14.Final\hibernate-core-5.4.14.Final.jar;C:\Users\r2\.m2\repository\org\jboss\logging\jboss-logging\3.4.1.Final\jboss-logging-3.4.1.Final.jar;C:\Users\r2\.m2\repository\org\javassist\javassist\3.24.0-GA\javassist-3.24.0-GA.jar;C:\Users\r2\.m2\repository\net\bytebuddy\byte-buddy\1.10.10\byte-buddy-1.10.10.jar;C:\Users\r2\.m2\repository\antlr\antlr\2.7.7\antlr-2.7.7.jar;C:\Users\r2\.m2\repository\org\jboss\jandex\2.1.1.Final\jandex-2.1.1.Final.jar;C:\Users\r2\.m2\repository\com\fasterxml\classmate\1.5.1\classmate-1.5.1.jar;C:\Users\r2\.m2\repository\org\dom4j\dom4j\2.1.1\dom4j-2.1.1.jar;C:\Users\r2\.m2\repository\org\hibernate\common\hibernate-commons-annotations\5.1.0.Final\hibernate-commons-annotations-5.1.0.Final.jar;C:\Users\r2\.m2\repository\org\springframework\data\spring-data-jpa\2.3.0.RC2\spring-data-jpa-2.3.0.RC2.jar;C:\Users\r2\.m2\repository\org\springframework\data\spring-data-commons\2.3.0.RC2\spring-data-commons-2.3.0.RC2.jar;C:\Users\r2\.m2\repository\org\springframework\spring-orm\5.2.6.RELEASE\spring-orm-5.2.6.RELEASE.jar;C:\Users\r2\.m2\repository\org\springframework\spring-tx\5.2.6.RELEASE\spring-tx-5.2.6.RELEASE.jar;C:\Users\r2\.m2\repository\org\springframework\spring-aspects\5.2.6.RELEASE\spring-aspects-5.2.6.RELEASE.jar;C:\Users\r2\.m2\repository\org\springframework\boot\spring-boot-starter-web\2.3.0.RC1\spring-boot-starter-web-2.3.0.RC1.jar;C:\Users\r2\.m2\repository\org\springframework\boot\spring-boot-starter-json\2.3.0.RC1\spring-boot-starter-json-2.3.0.RC1.jar;C:\Users\r2\.m2\repository\com\fasterxml\jackson\datatype\jackson-datatype-jdk8\2.11.0\jackson-datatype-jdk8-2.11.0.jar;C:\Users\r2\.m2\repository\com\fasterxml\jackson\module\jackson-module-parameter-names\2.11.0\jackson-module-parameter-names-2.11.0.jar;C:\Users\r2\.m2\repository\org\springframework\boot\spring-boot-starter-tomcat\2.3.0.RC1\spring-boot-starter-tomcat-2.3.0.RC1.jar;C:\Users\r2\.m2\repository\org\apache\tomcat\embed\tomcat-embed-core\9.0.34\tomcat-embed-core-9.0.34.jar;C:\Users\r2\.m2\repository\org\apache\tomcat\embed\tomcat-embed-websocket\9.0.34\tomcat-embed-websocket-9.0.34.jar;C:\Users\r2\.m2\repository\org\springframework\spring-web\5.2.6.RELEASE\spring-web-5.2.6.RELEASE.jar;C:\Users\r2\.m2\repository\org\springframework\spring-webmvc\5.2.6.RELEASE\spring-webmvc-5.2.6.RELEASE.jar;C:\Users\r2\.m2\repository\org\springframework\spring-expression\5.2.6.RELEASE\spring-expression-5.2.6.RELEASE.jar;C:\Users\r2\.m2\repository\org\springframework\boot\spring-boot-starter-validation\2.3.0.RC1\spring-boot-starter-validation-2.3.0.RC1.jar;C:\Users\r2\.m2\repository\org\glassfish\jakarta.el\3.0.3\jakarta.el-3.0.3.jar;C:\Users\r2\.m2\repository\org\hibernate\validator\hibernate-validator\6.1.4.Final\hibernate-validator-6.1.4.Final.jar;C:\Users\r2\.m2\repository\jakarta\validation\jakarta.validation-api\2.0.2\jakarta.validation-api-2.0.2.jar;C:\Users\r2\.m2\repository\org\springframework\boot\spring-boot-starter-thymeleaf\2.3.0.RC1\spring-boot-starter-thymeleaf-2.3.0.RC1.jar;C:\Users\r2\.m2\repository\org\thymeleaf\thymeleaf-spring5\3.0.11.RELEASE\thymeleaf-spring5-3.0.11.RELEASE.jar;C:\Users\r2\.m2\repository\org\thymeleaf\thymeleaf\3.0.11.RELEASE\thymeleaf-3.0.11.RELEASE.jar;C:\Users\r2\.m2\repository\org\attoparser\attoparser\2.0.5.RELEASE\attoparser-2.0.5.RELEASE.jar;C:\Users\r2\.m2\repository\org\unbescape\unbescape\1.1.6.RELEASE\unbescape-1.1.6.RELEASE.jar;C:\Users\r2\.m2\repository\org\thymeleaf\extras\thymeleaf-extras-java8time\3.0.4.RELEASE\thymeleaf-extras-java8time-3.0.4.RELEASE.jar;C:\Users\r2\.m2\repository\org\springframework\boot\spring-boot-starter-test\2.3.0.RC1\spring-boot-starter-test-2.3.0.RC1.jar;C:\Users\r2\.m2\repository\org\springframework\boot\spring-boot-test\2.3.0.RC1\spring-boot-test-2.3.0.RC1.jar;C:\Users\r2\.m2\repository\org\springframework\boot\spring-boot-test-autoconfigure\2.3.0.RC1\spring-boot-test-autoconfigure-2.3.0.RC1.jar;C:\Users\r2\.m2\repository\com\jayway\jsonpath\json-path\2.4.0\json-path-2.4.0.jar;C:\Users\r2\.m2\repository\net\minidev\json-smart\2.3\json-smart-2.3.jar;C:\Users\r2\.m2\repository\net\minidev\accessors-smart\1.2\accessors-smart-1.2.jar;C:\Users\r2\.m2\repository\org\ow2\asm\asm\5.0.4\asm-5.0.4.jar;C:\Users\r2\.m2\repository\jakarta\xml\bind\jakarta.xml.bind-api\2.3.3\jakarta.xml.bind-api-2.3.3.jar;C:\Users\r2\.m2\repository\jakarta\activation\jakarta.activation-api\1.2.2\jakarta.activation-api-1.2.2.jar;C:\Users\r2\.m2\repository\org\assertj\assertj-core\3.15.0\assertj-core-3.15.0.jar;C:\Users\r2\.m2\repository\org\hamcrest\hamcrest\2.2\hamcrest-2.2.jar;C:\Users\r2\.m2\repository\org\junit\jupiter\junit-jupiter\5.6.2\junit-jupiter-5.6.2.jar;C:\Users\r2\.m2\repository\org\junit\jupiter\junit-jupiter-params\5.6.2\junit-jupiter-params-5.6.2.jar;C:\Users\r2\.m2\repository\org\mockito\mockito-core\3.3.3\mockito-core-3.3.3.jar;C:\Users\r2\.m2\repository\net\bytebuddy\byte-buddy-agent\1.10.10\byte-buddy-agent-1.10.10.jar;C:\Users\r2\.m2\repository\org\objenesis\objenesis\2.6\objenesis-2.6.jar;C:\Users\r2\.m2\repository\org\skyscreamer\jsonassert\1.5.0\jsonassert-1.5.0.jar;C:\Users\r2\.m2\repository\com\vaadin\external\google\android-json\0.0.20131108.vaadin1\android-json-0.0.20131108.vaadin1.jar;C:\Users\r2\.m2\repository\org\springframework\spring-core\5.2.6.RELEASE\spring-core-5.2.6.RELEASE.jar;C:\Users\r2\.m2\repository\org\springframework\spring-jcl\5.2.6.RELEASE\spring-jcl-5.2.6.RELEASE.jar;C:\Users\r2\.m2\repository\org\springframework\spring-test\5.2.6.RELEASE\spring-test-5.2.6.RELEASE.jar;C:\Users\r2\.m2\repository\org\xmlunit\xmlunit-core\2.6.4\xmlunit-core-2.6.4.jar;C:\Users\r2\.m2\repository\com\h2database\h2\1.4.200\h2-1.4.200.jar;C:\Users\r2\.m2\repository\mysql\mysql-connector-java\8.0.20\mysql-connector-java-8.0.20.jar;C:\Users\r2\.m2\repository\javax\cache\cache-api\1.1.1\cache-api-1.1.1.jar;C:\Users\r2\.m2\repository\org\ehcache\ehcache\3.8.1\ehcache-3.8.1.jar;C:\Users\r2\.m2\repository\org\slf4j\slf4j-api\1.7.30\slf4j-api-1.7.30.jar;C:\Users\r2\.m2\repository\org\glassfish\jaxb\jaxb-runtime\2.3.3\jaxb-runtime-2.3.3.jar;C:\Users\r2\.m2\repository\org\glassfish\jaxb\txw2\2.3.3\txw2-2.3.3.jar;C:\Users\r2\.m2\repository\com\sun\istack\istack-commons-runtime\3.0.11\istack-commons-runtime-3.0.11.jar;C:\Users\r2\.m2\repository\com\sun\activation\jakarta.activation\1.2.2\jakarta.activation-1.2.2.jar;C:\Users\r2\.m2\repository\org\webjars\webjars-locator-core\0.45\webjars-locator-core-0.45.jar;C:\Users\r2\.m2\repository\io\github\classgraph\classgraph\4.8.69\classgraph-4.8.69.jar;C:\Users\r2\.m2\repository\com\fasterxml\jackson\core\jackson-core\2.11.0\jackson-core-2.11.0.jar;C:\Users\r2\.m2\repository\org\webjars\jquery\2.2.4\jquery-2.2.4.jar;C:\Users\r2\.m2\repository\org\webjars\jquery-ui\1.11.4\jquery-ui-1.11.4.jar;C:\Users\r2\.m2\repository\org\webjars\bootstrap\3.3.6\bootstrap-3.3.6.jar;C:\Users\r2\.m2\repository\org\junit\jupiter\junit-jupiter-engine\5.6.2\junit-jupiter-engine-5.6.2.jar;C:\Users\r2\.m2\repository\org\apiguardian\apiguardian-api\1.1.0\apiguardian-api-1.1.0.jar;C:\Users\r2\.m2\repository\org\junit\platform\junit-platform-engine\1.6.2\junit-platform-engine-1.6.2.jar;C:\Users\r2\.m2\repository\org\opentest4j\opentest4j\1.2.0\opentest4j-1.2.0.jar;C:\Users\r2\.m2\repository\org\junit\platform\junit-platform-commons\1.6.2\junit-platform-commons-1.6.2.jar;C:\Users\r2\.m2\repository\org\junit\jupiter\junit-jupiter-api\5.6.2\junit-jupiter-api-5.6.2.jar;C:\Users\r2\.m2\repository\org\mockito\mockito-junit-jupiter\3.3.3\mockito-junit-jupiter-3.3.3.jar;C:\Users\r2\.m2\repository\org\springframework\boot\spring-boot-devtools\2.3.0.RC1\spring-boot-devtools-2.3.0.RC1.jar;C:\Users\r2\.m2\repository\org\springframework\boot\spring-boot\2.3.0.RC1\spring-boot-2.3.0.RC1.jar;C:\Users\r2\.m2\repository\org\springframework\boot\spring-boot-autoconfigure\2.3.0.RC1\spring-boot-autoconfigure-2.3.0.RC1.jar;"/>
    <property name="sun.cpu.endian" value="little"/>
    <property name="user.home" value="C:\Users\r2"/>
    <property name="user.language" value="en"/>
    <property name="git.closest.tag.commit.count" value=""/>
    <property name="java.specification.vendor" value="Oracle Corporation"/>
    <property name="java.version.date" value="2018-09-25"/>
    <property name="java.home" value="C:\tools\jdk-11"/>
    <property name="git.total.commit.count" value="696"/>
    <property name="file.separator" value="\"/>
    <property name="basedir" value="C:\R4j\POC\spring-petclinic"/>
    <property name="java.vm.compressedOopsMode" value="Zero based"/>
    <property name="line.separator" value="&#10;"/>
    <property name="git.build.user.email" value=""/>
    <property name="java.specification.name" value="Java Platform API Specification"/>
    <property name="java.vm.specification.vendor" value="Oracle Corporation"/>
    <property name="java.awt.graphicsenv" value="sun.awt.Win32GraphicsEnvironment"/>
    <property name="git.closest.tag.name" value=""/>
    <property name="idea.version2020.1.1" value="true"/>
    <property name="git.local.branch.ahead" value="0"/>
    <property name="git.build.time" value="2020-05-27T20:23:43+0000"/>
    <property name="surefire.real.class.path" value="C:\Users\r2\AppData\Local\Temp\2\surefire2482342944314825763\surefirebooter6399741396060497513.jar"/>
    <property name="git.commit.message.full" value="Upgrade to maven checkstyle plugin 3.1.1"/>
    <property name="user.script" value=""/>
    <property name="sun.management.compiler" value="HotSpot 64-Bit Tiered Compilers"/>
    <property name="java.runtime.version" value="11+28"/>
    <property name="user.name" value="r2"/>
    <property name="path.separator" value=";"/>
    <property name="os.version" value="10.0"/>
    <property name="java.runtime.name" value="OpenJDK Runtime Environment"/>
    <property name="file.encoding" value="Cp1252"/>
    <property name="git.commit.user.email" value="snicoll@pivotal.io"/>
    <property name="java.vm.name" value="OpenJDK 64-Bit Server VM"/>
    <property name="java.vendor.version" value="18.9"/>
    <property name="git.local.branch.behind" value="1"/>
    <property name="git.dirty" value="true"/>
    <property name="localRepository" value="C:\Users\r2\.m2\repository"/>
    <property name="java.vendor.url.bug" value="http://bugreport.java.com/bugreport/"/>
    <property name="java.io.tmpdir" value="C:\Users\r2\AppData\Local\Temp\2\"/>
    <property name="java.version" value="11"/>
    <property name="user.dir" value="C:\R4j\POC\spring-petclinic"/>
    <property name="os.arch" value="amd64"/>
    <property name="git.commit.user.name" value="Stephane Nicoll"/>
    <property name="git.commit.id.abbrev" value="adab01e"/>
    <property name="java.vm.specification.name" value="Java Virtual Machine Specification"/>
    <property name="java.awt.printerjob" value="sun.awt.windows.WPrinterJob"/>
    <property name="git.commit.id.describe-short" value="adab01e-dirty"/>
    <property name="sun.os.patch.level" value=""/>
    <property name="git.commit.id.describe" value="adab01e-dirty"/>
    <property name="java.library.path" value="C:\tools\jdk-11\bin;C:\Windows\Sun\Java\bin;C:\Windows\system32;C:\Windows;C:\Windows\system32;C:\Windows;C:\Windows\System32\Wbem;C:\Windows\System32\WindowsPowerShell\v1.0\;C:\ProgramData\GooGet;C:\Program Files\Google\Compute Engine\metadata_scripts;C:\Program Files (x86)\Google\Cloud SDK\google-cloud-sdk\bin;C:\Program Files\Google\Compute Engine\sysprep;C:\tools\Git\cmd;C:\Users\r2\AppData\Local\Microsoft\WindowsApps;C:\tools\jdk-11\bin;C:\tools\apache-maven-3.6.3\bin;."/>
    <property name="git.commit.message.short" value="Upgrade to maven checkstyle plugin 3.1.1"/>
    <property name="java.vendor" value="Oracle Corporation"/>
    <property name="java.vm.info" value="mixed mode"/>
    <property name="java.vm.version" value="11+28"/>
    <property name="sun.io.unicode.encoding" value="UnicodeLittle"/>
    <property name="java.class.version" value="55.0"/>
    <property name="git.commit.time" value="2020-05-03T06:55:49+0000"/>
    <property name="git.remote.origin.url" value="https://github.com/spring-projects/spring-petclinic.git"/>
  </properties>
  <testcase name="org.springframework.samples.petclinic.system.CrashControllerTests" classname="org.springframework.samples.petclinic.system.CrashControllerTests" time="0">
    <skipped message="class org.springframework.samples.petclinic.system.CrashControllerTests is @Disabled"/>
  </testcase>
</testsuite>